0 info it worked if it ends with ok
1 verbose cli [ '/usr/local/bin/node', '/usr/local/bin/npm', 'run', 'dev' ]
2 info using npm@3.7.3
3 info using node@v5.8.0
4 verbose run-script [ 'predev', 'dev', 'postdev' ]
5 info lifecycle vue-msgbox@0.2.0~predev: vue-msgbox@0.2.0
6 silly lifecycle vue-msgbox@0.2.0~predev: no script for predev, continuing
7 info lifecycle vue-msgbox@0.2.0~dev: vue-msgbox@0.2.0
8 verbose lifecycle vue-msgbox@0.2.0~dev: unsafe-perm in lifecycle true
9 verbose lifecycle vue-msgbox@0.2.0~dev: PATH: /usr/local/lib/node_modules/npm/bin/node-gyp-bin:/Users/olifer/workspace/vue-msgbox/node_modules/.bin:/usr/local/bin:/usr/local/mysql/bin:/usr/local/software/apache-tomcat-9.0.0.M1/bin:/usr/local/software/apache-maven-3.3.9/bin:/Library/Java/JavaVirtualMachines/jdk1.8.0_65.jdk/Contents/Home/bin:/usr/local/bin:/usr/bin:/bin:/usr/sbin:/sbin
10 verbose lifecycle vue-msgbox@0.2.0~dev: CWD: /Users/olifer/workspace/vue-msgbox
11 silly lifecycle vue-msgbox@0.2.0~dev: Args: [ '-c',
11 silly lifecycle   'webpack-dev-server --config ./webpack.example.config.js --inline --hot' ]
12 info lifecycle vue-msgbox@0.2.0~dev: Failed to exec dev script
13 verbose stack Error: vue-msgbox@0.2.0 dev: `webpack-dev-server --config ./webpack.example.config.js --inline --hot`
13 verbose stack spawn ENOENT
13 verbose stack     at ChildProcess.<anonymous> (/usr/local/lib/node_modules/npm/lib/utils/spawn.js:17:16)
13 verbose stack     at emitTwo (events.js:100:13)
13 verbose stack     at ChildProcess.emit (events.js:185:7)
13 verbose stack     at maybeClose (internal/child_process.js:850:16)
13 verbose stack     at Process.ChildProcess._handle.onexit (internal/child_process.js:215:5)
14 verbose pkgid vue-msgbox@0.2.0
15 verbose cwd /Users/olifer/workspace/vue-msgbox
16 error Darwin 15.0.0
17 error argv "/usr/local/bin/node" "/usr/local/bin/npm" "run" "dev"
18 error node v5.8.0
19 error npm  v3.7.3
20 error file sh
21 error code ELIFECYCLE
22 error errno ENOENT
23 error syscall spawn
24 error vue-msgbox@0.2.0 dev: `webpack-dev-server --config ./webpack.example.config.js --inline --hot`
24 error spawn ENOENT
25 error Failed at the vue-msgbox@0.2.0 dev script 'webpack-dev-server --config ./webpack.example.config.js --inline --hot'.
25 error Make sure you have the latest version of node.js and npm installed.
25 error If you do, this is most likely a problem with the vue-msgbox package,
25 error not with npm itself.
25 error Tell the author that this fails on your system:
25 error     webpack-dev-server --config ./webpack.example.config.js --inline --hot
25 error You can get information on how to open an issue for this project with:
25 error     npm bugs vue-msgbox
25 error Or if that isn't available, you can get their info via:
25 error     npm owner ls vue-msgbox
25 error There is likely additional logging output above.
26 verbose exit [ 1, true ]
